  VargasGuerreroArmando_ProyectoFinal_GPO8.cpp
C:\Users\mando\OneDrive\Documents\7mo semestre\LabCG\ProyectoFinalLCG\ProyectoFinalLCG\modelAnim.h(104,44): warning C4244: '=': conversión de 'double' a 'float'; posible pérdida de datos
C:\Users\mando\OneDrive\Documents\7mo semestre\LabCG\ProyectoFinalLCG\ProyectoFinalLCG\modelAnim.h(519,24): warning C4244: 'inicializando': conversión de 'double' a 'float'; posible pérdida de datos
C:\Users\mando\OneDrive\Documents\7mo semestre\LabCG\ProyectoFinalLCG\ProyectoFinalLCG\VargasGuerreroArmando_ProyectoFinal_GPO8.cpp(438,24): warning C4244: 'inicializando': conversión de 'double' a 'GLfloat'; posible pérdida de datos
C:\Users\mando\OneDrive\Documents\7mo semestre\LabCG\ProyectoFinalLCG\ProyectoFinalLCG\VargasGuerreroArmando_ProyectoFinal_GPO8.cpp(780,45): warning C4305: 'argumento': truncamiento de 'double' a 'float'
C:\Users\mando\OneDrive\Documents\7mo semestre\LabCG\ProyectoFinalLCG\ProyectoFinalLCG\VargasGuerreroArmando_ProyectoFinal_GPO8.cpp(780,54): warning C4244: '=': conversión de 'double' a 'float'; posible pérdida de datos
C:\Users\mando\OneDrive\Documents\7mo semestre\LabCG\ProyectoFinalLCG\ProyectoFinalLCG\VargasGuerreroArmando_ProyectoFinal_GPO8.cpp(798,46): warning C4305: 'argumento': truncamiento de 'double' a 'float'
C:\Users\mando\OneDrive\Documents\7mo semestre\LabCG\ProyectoFinalLCG\ProyectoFinalLCG\VargasGuerreroArmando_ProyectoFinal_GPO8.cpp(798,55): warning C4244: '=': conversión de 'double' a 'float'; posible pérdida de datos
C:\Users\mando\OneDrive\Documents\7mo semestre\LabCG\ProyectoFinalLCG\ProyectoFinalLCG\VargasGuerreroArmando_ProyectoFinal_GPO8.cpp(831,49): warning C4305: 'argumento': truncamiento de 'double' a 'float'
C:\Users\mando\OneDrive\Documents\7mo semestre\LabCG\ProyectoFinalLCG\ProyectoFinalLCG\VargasGuerreroArmando_ProyectoFinal_GPO8.cpp(831,58): warning C4244: '=': conversión de 'double' a 'float'; posible pérdida de datos
C:\Users\mando\OneDrive\Documents\7mo semestre\LabCG\ProyectoFinalLCG\ProyectoFinalLCG\VargasGuerreroArmando_ProyectoFinal_GPO8.cpp(847,48): warning C4305: 'argumento': truncamiento de 'double' a 'float'
C:\Users\mando\OneDrive\Documents\7mo semestre\LabCG\ProyectoFinalLCG\ProyectoFinalLCG\VargasGuerreroArmando_ProyectoFinal_GPO8.cpp(847,57): warning C4244: '=': conversión de 'double' a 'float'; posible pérdida de datos
C:\Users\mando\OneDrive\Documents\7mo semestre\LabCG\ProyectoFinalLCG\ProyectoFinalLCG\VargasGuerreroArmando_ProyectoFinal_GPO8.cpp(879,51): warning C4305: 'argumento': truncamiento de 'double' a 'float'
C:\Users\mando\OneDrive\Documents\7mo semestre\LabCG\ProyectoFinalLCG\ProyectoFinalLCG\VargasGuerreroArmando_ProyectoFinal_GPO8.cpp(879,60): warning C4244: '=': conversión de 'double' a 'float'; posible pérdida de datos
C:\Users\mando\OneDrive\Documents\7mo semestre\LabCG\ProyectoFinalLCG\ProyectoFinalLCG\VargasGuerreroArmando_ProyectoFinal_GPO8.cpp(895,51): warning C4305: 'argumento': truncamiento de 'double' a 'float'
C:\Users\mando\OneDrive\Documents\7mo semestre\LabCG\ProyectoFinalLCG\ProyectoFinalLCG\VargasGuerreroArmando_ProyectoFinal_GPO8.cpp(895,60): warning C4244: '=': conversión de 'double' a 'float'; posible pérdida de datos
C:\Users\mando\OneDrive\Documents\7mo semestre\LabCG\ProyectoFinalLCG\ProyectoFinalLCG\VargasGuerreroArmando_ProyectoFinal_GPO8.cpp(927,48): warning C4305: 'argumento': truncamiento de 'double' a 'float'
C:\Users\mando\OneDrive\Documents\7mo semestre\LabCG\ProyectoFinalLCG\ProyectoFinalLCG\VargasGuerreroArmando_ProyectoFinal_GPO8.cpp(927,57): warning C4244: '=': conversión de 'double' a 'float'; posible pérdida de datos
C:\Users\mando\OneDrive\Documents\7mo semestre\LabCG\ProyectoFinalLCG\ProyectoFinalLCG\VargasGuerreroArmando_ProyectoFinal_GPO8.cpp(943,48): warning C4305: 'argumento': truncamiento de 'double' a 'float'
C:\Users\mando\OneDrive\Documents\7mo semestre\LabCG\ProyectoFinalLCG\ProyectoFinalLCG\VargasGuerreroArmando_ProyectoFinal_GPO8.cpp(943,57): warning C4244: '=': conversión de 'double' a 'float'; posible pérdida de datos
C:\Users\mando\OneDrive\Documents\7mo semestre\LabCG\ProyectoFinalLCG\ProyectoFinalLCG\VargasGuerreroArmando_ProyectoFinal_GPO8.cpp(1055,11): warning C4244: '=': conversión de 'double' a 'GLfloat'; posible pérdida de datos
C:\Users\mando\OneDrive\Documents\7mo semestre\LabCG\ProyectoFinalLCG\ProyectoFinalLCG\VargasGuerreroArmando_ProyectoFinal_GPO8.cpp(1056,11): warning C4244: '=': conversión de 'double' a 'GLfloat'; posible pérdida de datos
C:\Users\mando\OneDrive\Documents\7mo semestre\LabCG\ProyectoFinalLCG\ProyectoFinalLCG\VargasGuerreroArmando_ProyectoFinal_GPO8.cpp(1060,18): warning C4244: 'inicializando': conversión de 'double' a 'GLfloat'; posible pérdida de datos
C:\Users\mando\OneDrive\Documents\7mo semestre\LabCG\ProyectoFinalLCG\ProyectoFinalLCG\VargasGuerreroArmando_ProyectoFinal_GPO8.cpp(1061,18): warning C4244: 'inicializando': conversión de 'double' a 'GLfloat'; posible pérdida de datos
C:\Users\mando\OneDrive\Documents\7mo semestre\LabCG\ProyectoFinalLCG\ProyectoFinalLCG\VargasGuerreroArmando_ProyectoFinal_GPO8.cpp(1063,10): warning C4244: '=': conversión de 'double' a 'GLfloat'; posible pérdida de datos
C:\Users\mando\OneDrive\Documents\7mo semestre\LabCG\ProyectoFinalLCG\ProyectoFinalLCG\VargasGuerreroArmando_ProyectoFinal_GPO8.cpp(1064,10): warning C4244: '=': conversión de 'double' a 'GLfloat'; posible pérdida de datos
soil2-debug.lib(SOIL2.obj) : warning LNK4075: se omite '/EDITANDCONTINUE' debido a la especificación '/OPT:ICF'
LINK : warning LNK4098: la biblioteca predeterminada'MSVCRTD' entra en conflicto con otras bibliotecas; use la biblioteca /NODEFAULTLIB:biblioteca
  Generando código
  8 of 599 functions ( 1.3%) were compiled, the rest were copied from previous compilation.
    0 functions were new in current compilation
    0 functions had inline decision re-evaluated but remain unchanged
  Generación de código finalizada
soil2-debug.lib(etc1_utils.obj) : warning LNK4099: no se encontró PDB 'soil2-debug.pdb' con 'soil2-debug.lib(etc1_utils.obj)' o en 'C:\Users\mando\OneDrive\Documents\7mo semestre\LabCG\ProyectoFinalLCG\Release\soil2-debug.pdb'; se vinculará el objeto sin tener en cuenta información de depuración
soil2-debug.lib(image_DXT.obj) : warning LNK4099: no se encontró PDB 'soil2-debug.pdb' con 'soil2-debug.lib(image_DXT.obj)' o en 'C:\Users\mando\OneDrive\Documents\7mo semestre\LabCG\ProyectoFinalLCG\Release\soil2-debug.pdb'; se vinculará el objeto sin tener en cuenta información de depuración
soil2-debug.lib(image_helper.obj) : warning LNK4099: no se encontró PDB 'soil2-debug.pdb' con 'soil2-debug.lib(image_helper.obj)' o en 'C:\Users\mando\OneDrive\Documents\7mo semestre\LabCG\ProyectoFinalLCG\Release\soil2-debug.pdb'; se vinculará el objeto sin tener en cuenta información de depuración
soil2-debug.lib(SOIL2.obj) : warning LNK4099: no se encontró PDB 'soil2-debug.pdb' con 'soil2-debug.lib(SOIL2.obj)' o en 'C:\Users\mando\OneDrive\Documents\7mo semestre\LabCG\ProyectoFinalLCG\Release\soil2-debug.pdb'; se vinculará el objeto sin tener en cuenta información de depuración
  ProyectoFinalLCG.vcxproj -> C:\Users\mando\OneDrive\Documents\7mo semestre\LabCG\ProyectoFinalLCG\Release\ProyectoFinalLCG.exe
