  VargasGuerreroArmando_ProyectoFinal_GPO8.cpp
C:\Users\mando\OneDrive\Documents\7mo semestre\LabCG\ProyectoFinalLCG\ProyectoFinalLCG\modelAnim.h(104,44): warning C4244: '=': conversión de 'double' a 'float'; posible pérdida de datos
C:\Users\mando\OneDrive\Documents\7mo semestre\LabCG\ProyectoFinalLCG\ProyectoFinalLCG\modelAnim.h(519,24): warning C4244: 'inicializando': conversión de 'double' a 'float'; posible pérdida de datos
C:\Users\mando\OneDrive\Documents\7mo semestre\LabCG\ProyectoFinalLCG\ProyectoFinalLCG\VargasGuerreroArmando_ProyectoFinal_GPO8.cpp(438,24): warning C4244: 'inicializando': conversión de 'double' a 'GLfloat'; posible pérdida de datos
C:\Users\mando\OneDrive\Documents\7mo semestre\LabCG\ProyectoFinalLCG\ProyectoFinalLCG\VargasGuerreroArmando_ProyectoFinal_GPO8.cpp(787,45): warning C4305: 'argumento': truncamiento de 'double' a 'float'
C:\Users\mando\OneDrive\Documents\7mo semestre\LabCG\ProyectoFinalLCG\ProyectoFinalLCG\VargasGuerreroArmando_ProyectoFinal_GPO8.cpp(787,54): warning C4244: '=': conversión de 'double' a 'float'; posible pérdida de datos
C:\Users\mando\OneDrive\Documents\7mo semestre\LabCG\ProyectoFinalLCG\ProyectoFinalLCG\VargasGuerreroArmando_ProyectoFinal_GPO8.cpp(805,46): warning C4305: 'argumento': truncamiento de 'double' a 'float'
C:\Users\mando\OneDrive\Documents\7mo semestre\LabCG\ProyectoFinalLCG\ProyectoFinalLCG\VargasGuerreroArmando_ProyectoFinal_GPO8.cpp(805,55): warning C4244: '=': conversión de 'double' a 'float'; posible pérdida de datos
C:\Users\mando\OneDrive\Documents\7mo semestre\LabCG\ProyectoFinalLCG\ProyectoFinalLCG\VargasGuerreroArmando_ProyectoFinal_GPO8.cpp(838,49): warning C4305: 'argumento': truncamiento de 'double' a 'float'
C:\Users\mando\OneDrive\Documents\7mo semestre\LabCG\ProyectoFinalLCG\ProyectoFinalLCG\VargasGuerreroArmando_ProyectoFinal_GPO8.cpp(838,58): warning C4244: '=': conversión de 'double' a 'float'; posible pérdida de datos
C:\Users\mando\OneDrive\Documents\7mo semestre\LabCG\ProyectoFinalLCG\ProyectoFinalLCG\VargasGuerreroArmando_ProyectoFinal_GPO8.cpp(854,48): warning C4305: 'argumento': truncamiento de 'double' a 'float'
C:\Users\mando\OneDrive\Documents\7mo semestre\LabCG\ProyectoFinalLCG\ProyectoFinalLCG\VargasGuerreroArmando_ProyectoFinal_GPO8.cpp(854,57): warning C4244: '=': conversión de 'double' a 'float'; posible pérdida de datos
C:\Users\mando\OneDrive\Documents\7mo semestre\LabCG\ProyectoFinalLCG\ProyectoFinalLCG\VargasGuerreroArmando_ProyectoFinal_GPO8.cpp(886,51): warning C4305: 'argumento': truncamiento de 'double' a 'float'
C:\Users\mando\OneDrive\Documents\7mo semestre\LabCG\ProyectoFinalLCG\ProyectoFinalLCG\VargasGuerreroArmando_ProyectoFinal_GPO8.cpp(886,60): warning C4244: '=': conversión de 'double' a 'float'; posible pérdida de datos
C:\Users\mando\OneDrive\Documents\7mo semestre\LabCG\ProyectoFinalLCG\ProyectoFinalLCG\VargasGuerreroArmando_ProyectoFinal_GPO8.cpp(902,51): warning C4305: 'argumento': truncamiento de 'double' a 'float'
C:\Users\mando\OneDrive\Documents\7mo semestre\LabCG\ProyectoFinalLCG\ProyectoFinalLCG\VargasGuerreroArmando_ProyectoFinal_GPO8.cpp(902,60): warning C4244: '=': conversión de 'double' a 'float'; posible pérdida de datos
C:\Users\mando\OneDrive\Documents\7mo semestre\LabCG\ProyectoFinalLCG\ProyectoFinalLCG\VargasGuerreroArmando_ProyectoFinal_GPO8.cpp(934,48): warning C4305: 'argumento': truncamiento de 'double' a 'float'
C:\Users\mando\OneDrive\Documents\7mo semestre\LabCG\ProyectoFinalLCG\ProyectoFinalLCG\VargasGuerreroArmando_ProyectoFinal_GPO8.cpp(934,57): warning C4244: '=': conversión de 'double' a 'float'; posible pérdida de datos
C:\Users\mando\OneDrive\Documents\7mo semestre\LabCG\ProyectoFinalLCG\ProyectoFinalLCG\VargasGuerreroArmando_ProyectoFinal_GPO8.cpp(950,48): warning C4305: 'argumento': truncamiento de 'double' a 'float'
C:\Users\mando\OneDrive\Documents\7mo semestre\LabCG\ProyectoFinalLCG\ProyectoFinalLCG\VargasGuerreroArmando_ProyectoFinal_GPO8.cpp(950,57): warning C4244: '=': conversión de 'double' a 'float'; posible pérdida de datos
C:\Users\mando\OneDrive\Documents\7mo semestre\LabCG\ProyectoFinalLCG\ProyectoFinalLCG\VargasGuerreroArmando_ProyectoFinal_GPO8.cpp(1062,11): warning C4244: '=': conversión de 'double' a 'GLfloat'; posible pérdida de datos
C:\Users\mando\OneDrive\Documents\7mo semestre\LabCG\ProyectoFinalLCG\ProyectoFinalLCG\VargasGuerreroArmando_ProyectoFinal_GPO8.cpp(1063,11): warning C4244: '=': conversión de 'double' a 'GLfloat'; posible pérdida de datos
C:\Users\mando\OneDrive\Documents\7mo semestre\LabCG\ProyectoFinalLCG\ProyectoFinalLCG\VargasGuerreroArmando_ProyectoFinal_GPO8.cpp(1067,18): warning C4244: 'inicializando': conversión de 'double' a 'GLfloat'; posible pérdida de datos
C:\Users\mando\OneDrive\Documents\7mo semestre\LabCG\ProyectoFinalLCG\ProyectoFinalLCG\VargasGuerreroArmando_ProyectoFinal_GPO8.cpp(1068,18): warning C4244: 'inicializando': conversión de 'double' a 'GLfloat'; posible pérdida de datos
C:\Users\mando\OneDrive\Documents\7mo semestre\LabCG\ProyectoFinalLCG\ProyectoFinalLCG\VargasGuerreroArmando_ProyectoFinal_GPO8.cpp(1070,10): warning C4244: '=': conversión de 'double' a 'GLfloat'; posible pérdida de datos
C:\Users\mando\OneDrive\Documents\7mo semestre\LabCG\ProyectoFinalLCG\ProyectoFinalLCG\VargasGuerreroArmando_ProyectoFinal_GPO8.cpp(1071,10): warning C4244: '=': conversión de 'double' a 'GLfloat'; posible pérdida de datos
LINK : warning LNK4098: la biblioteca predeterminada'MSVCRT' entra en conflicto con otras bibliotecas; use la biblioteca /NODEFAULTLIB:biblioteca
soil2-debug.lib(etc1_utils.obj) : warning LNK4099: no se encontró PDB 'soil2-debug.pdb' con 'soil2-debug.lib(etc1_utils.obj)' o en 'C:\Users\mando\OneDrive\Documents\7mo semestre\LabCG\ProyectoFinalLCG\Debug\soil2-debug.pdb'; se vinculará el objeto sin tener en cuenta información de depuración
soil2-debug.lib(image_DXT.obj) : warning LNK4099: no se encontró PDB 'soil2-debug.pdb' con 'soil2-debug.lib(image_DXT.obj)' o en 'C:\Users\mando\OneDrive\Documents\7mo semestre\LabCG\ProyectoFinalLCG\Debug\soil2-debug.pdb'; se vinculará el objeto sin tener en cuenta información de depuración
soil2-debug.lib(image_helper.obj) : warning LNK4099: no se encontró PDB 'soil2-debug.pdb' con 'soil2-debug.lib(image_helper.obj)' o en 'C:\Users\mando\OneDrive\Documents\7mo semestre\LabCG\ProyectoFinalLCG\Debug\soil2-debug.pdb'; se vinculará el objeto sin tener en cuenta información de depuración
soil2-debug.lib(SOIL2.obj) : warning LNK4099: no se encontró PDB 'soil2-debug.pdb' con 'soil2-debug.lib(SOIL2.obj)' o en 'C:\Users\mando\OneDrive\Documents\7mo semestre\LabCG\ProyectoFinalLCG\Debug\soil2-debug.pdb'; se vinculará el objeto sin tener en cuenta información de depuración
  ProyectoFinalLCG.vcxproj -> C:\Users\mando\OneDrive\Documents\7mo semestre\LabCG\ProyectoFinalLCG\Debug\ProyectoFinalLCG.exe
